2023-10-10 12:41:36,190 INFO o.a.j.u.JMeterUtils: Setting Locale to en_EN
2023-10-10 12:41:36,203 INFO o.a.j.JMeter: Loading user properties from: /opt/homebrew/Cellar/jmeter/5.6.2/libexec/bin/user.properties
2023-10-10 12:41:36,204 INFO o.a.j.JMeter: Loading system properties from: /opt/homebrew/Cellar/jmeter/5.6.2/libexec/bin/system.properties
2023-10-10 12:41:36,207 INFO o.a.j.JMeter: Copyright (c) 1998-2023 The Apache Software Foundation
2023-10-10 12:41:36,207 INFO o.a.j.JMeter: Version 5.6.2
2023-10-10 12:41:36,207 INFO o.a.j.JMeter: java.version=17.0.8.1
2023-10-10 12:41:36,207 INFO o.a.j.JMeter: java.vm.name=OpenJDK 64-Bit Server VM
2023-10-10 12:41:36,207 INFO o.a.j.JMeter: os.name=Mac OS X
2023-10-10 12:41:36,207 INFO o.a.j.JMeter: os.arch=aarch64
2023-10-10 12:41:36,207 INFO o.a.j.JMeter: os.version=14.0
2023-10-10 12:41:36,207 INFO o.a.j.JMeter: file.encoding=UTF-8
2023-10-10 12:41:36,207 INFO o.a.j.JMeter: java.awt.headless=null
2023-10-10 12:41:36,208 INFO o.a.j.JMeter: Max memory     =1073741824
2023-10-10 12:41:36,208 INFO o.a.j.JMeter: Available Processors =8
2023-10-10 12:41:36,213 INFO o.a.j.JMeter: Default Locale=English (EN)
2023-10-10 12:41:36,213 INFO o.a.j.JMeter: JMeter  Locale=English (EN)
2023-10-10 12:41:36,213 INFO o.a.j.JMeter: JMeterHome=/opt/homebrew/Cellar/jmeter/5.6.2/libexec
2023-10-10 12:41:36,213 INFO o.a.j.JMeter: user.dir  =/Users/abdulwahab/admin/project4
2023-10-10 12:41:36,213 INFO o.a.j.JMeter: PWD       =/Users/abdulwahab/admin/project4
2023-10-10 12:41:36,215 INFO o.a.j.JMeter: IP: 127.0.0.1 Name: Abduls-MacBook-Pro.local FullName: localhost
2023-10-10 12:41:36,223 INFO o.a.j.JMeter: Loaded icon properties from org/apache/jmeter/images/icon.properties
2023-10-10 12:41:36,630 INFO o.a.j.JMeterGuiLauncher: Setting LAF to: com.github.weisj.darklaf.DarkLaf:com.github.weisj.darklaf.theme.DarculaTheme
2023-10-10 12:41:37,925 INFO o.a.j.r.ClassFinder: Will scan jar /opt/homebrew/Cellar/jmeter/5.6.2/libexec/lib/ext/jmeter-plugins-manager-1.9.jar with filter ExtendsClassFilter [parents=[interface org.apache.jmeter.gui.action.Command], inner=false, contains=null, notContains=null]. Consider exposing JMeter plugins via META-INF/services, and add JMeter-Skip-Class-Scanning=true manifest attribute so JMeter can skip classfile scanning
2023-10-10 12:41:37,985 INFO o.a.j.r.ClassFinder: Will scan jar /opt/homebrew/Cellar/jmeter/5.6.2/libexec/lib/ext/jmeter-plugins-manager-1.9.jar with filter ExtendsClassFilter [parents=[interface org.apache.jmeter.gui.plugin.MenuCreator], inner=false, contains=null, notContains=null]. Consider exposing JMeter plugins via META-INF/services, and add JMeter-Skip-Class-Scanning=true manifest attribute so JMeter can skip classfile scanning
2023-10-10 12:41:38,051 INFO o.j.r.JARSourceHTTP: Found cached repo
2023-10-10 12:41:38,144 INFO o.j.r.PluginManager: Plugins Status: [jpgc-plugins-manager=1.9, jmeter-core=5.6.2, jmeter-ftp=5.6.2, jmeter-http=5.6.2, jmeter-jdbc=5.6.2, jmeter-jms=5.6.2, jmeter-junit=5.6.2, jmeter-java=5.6.2, jmeter-ldap=5.6.2, jmeter-mail=5.6.2, jmeter-mongodb=5.6.2, jmeter-native=5.6.2, jmeter-tcp=5.6.2, jmeter-components=5.6.2]
2023-10-10 12:41:38,145 INFO o.j.r.PluginManagerMenuItem: Plugins Manager has upgrades: [jpgc-plugins-manager]
2023-10-10 12:42:11,846 INFO o.a.j.s.FileServer: Default base='/Users/abdulwahab/admin/project4'
2023-10-10 12:42:11,848 INFO o.a.j.s.FileServer: Set new base='/Users/abdulwahab/admin'
2023-10-10 12:42:11,947 INFO o.a.j.s.SaveService: Testplan (JMX) version: 2.2. Testlog (JTL) version: 2.2
2023-10-10 12:42:11,951 INFO o.a.j.s.SaveService: Using SaveService properties version 5.0
2023-10-10 12:42:11,951 INFO o.a.j.s.SaveService: Using SaveService properties file encoding UTF-8
2023-10-10 12:42:11,960 INFO o.a.j.e.StandardJMeterEngine: Running the test!
2023-10-10 12:42:11,961 INFO o.a.j.s.SampleEvent: List of sample_variables: []
2023-10-10 12:42:11,961 INFO o.a.j.s.SampleEvent: List of sample_variables: []
2023-10-10 12:42:11,961 INFO o.a.j.e.u.CompoundVariable: Note: Function class names must contain the string: '.functions.'
2023-10-10 12:42:11,961 INFO o.a.j.e.u.CompoundVariable: Note: Function class names must not contain the string: '.gui.'
2023-10-10 12:42:11,989 INFO o.a.j.r.ClassFinder: Will scan jar /opt/homebrew/Cellar/jmeter/5.6.2/libexec/lib/ext/jmeter-plugins-manager-1.9.jar with filter ExtendsClassFilter [parents=[interface org.apache.jmeter.functions.Function], inner=false, contains=null, notContains=null]. Consider exposing JMeter plugins via META-INF/services, and add JMeter-Skip-Class-Scanning=true manifest attribute so JMeter can skip classfile scanning
2023-10-10 12:42:11,992 INFO o.a.j.g.u.JMeterMenuBar: setRunning(true, *local*)
2023-10-10 12:42:12,014 INFO o.a.j.e.StandardJMeterEngine: No enabled thread groups found
2023-10-10 12:42:12,014 INFO o.a.j.e.StandardJMeterEngine: Notifying test listeners of end of test
2023-10-10 12:42:12,014 INFO o.a.j.g.u.JMeterMenuBar: setRunning(false, *local*)
2023-10-10 12:42:14,135 INFO o.a.j.e.StandardJMeterEngine: Running the test!
2023-10-10 12:42:14,135 INFO o.a.j.s.SampleEvent: List of sample_variables: []
2023-10-10 12:42:14,136 INFO o.a.j.g.u.JMeterMenuBar: setRunning(true, *local*)
2023-10-10 12:42:14,159 INFO o.a.j.e.StandardJMeterEngine: No enabled thread groups found
2023-10-10 12:42:14,159 INFO o.a.j.e.StandardJMeterEngine: Notifying test listeners of end of test
2023-10-10 12:42:14,159 INFO o.a.j.g.u.JMeterMenuBar: setRunning(false, *local*)
2023-10-10 12:42:16,415 INFO o.a.j.e.StandardJMeterEngine: Running the test!
2023-10-10 12:42:16,415 INFO o.a.j.s.SampleEvent: List of sample_variables: []
2023-10-10 12:42:16,416 INFO o.a.j.g.u.JMeterMenuBar: setRunning(true, *local*)
2023-10-10 12:42:16,439 INFO o.a.j.e.StandardJMeterEngine: No enabled thread groups found
2023-10-10 12:42:16,439 INFO o.a.j.e.StandardJMeterEngine: Notifying test listeners of end of test
2023-10-10 12:42:16,439 INFO o.a.j.g.u.JMeterMenuBar: setRunning(false, *local*)
2023-10-10 12:42:17,168 INFO o.a.j.e.StandardJMeterEngine: Running the test!
2023-10-10 12:42:17,168 INFO o.a.j.s.SampleEvent: List of sample_variables: []
2023-10-10 12:42:17,168 INFO o.a.j.g.u.JMeterMenuBar: setRunning(true, *local*)
2023-10-10 12:42:17,186 INFO o.a.j.e.StandardJMeterEngine: No enabled thread groups found
2023-10-10 12:42:17,186 INFO o.a.j.e.StandardJMeterEngine: Notifying test listeners of end of test
2023-10-10 12:42:17,186 INFO o.a.j.g.u.JMeterMenuBar: setRunning(false, *local*)
2023-10-10 12:42:17,361 INFO o.a.j.e.StandardJMeterEngine: Running the test!
2023-10-10 12:42:17,362 INFO o.a.j.s.SampleEvent: List of sample_variables: []
2023-10-10 12:42:17,362 INFO o.a.j.g.u.JMeterMenuBar: setRunning(true, *local*)
2023-10-10 12:42:17,383 INFO o.a.j.e.StandardJMeterEngine: No enabled thread groups found
2023-10-10 12:42:17,383 INFO o.a.j.e.StandardJMeterEngine: Notifying test listeners of end of test
2023-10-10 12:42:17,383 INFO o.a.j.g.u.JMeterMenuBar: setRunning(false, *local*)
2023-10-10 12:42:17,541 INFO o.a.j.e.StandardJMeterEngine: Running the test!
2023-10-10 12:42:17,541 INFO o.a.j.s.SampleEvent: List of sample_variables: []
2023-10-10 12:42:17,541 INFO o.a.j.g.u.JMeterMenuBar: setRunning(true, *local*)
2023-10-10 12:42:17,560 INFO o.a.j.e.StandardJMeterEngine: No enabled thread groups found
2023-10-10 12:42:17,561 INFO o.a.j.e.StandardJMeterEngine: Notifying test listeners of end of test
2023-10-10 12:42:17,561 INFO o.a.j.g.u.JMeterMenuBar: setRunning(false, *local*)
2023-10-10 12:42:17,702 INFO o.a.j.e.StandardJMeterEngine: Running the test!
2023-10-10 12:42:17,703 INFO o.a.j.s.SampleEvent: List of sample_variables: []
2023-10-10 12:42:17,703 INFO o.a.j.g.u.JMeterMenuBar: setRunning(true, *local*)
2023-10-10 12:42:17,721 INFO o.a.j.e.StandardJMeterEngine: No enabled thread groups found
2023-10-10 12:42:17,721 INFO o.a.j.e.StandardJMeterEngine: Notifying test listeners of end of test
2023-10-10 12:42:17,721 INFO o.a.j.g.u.JMeterMenuBar: setRunning(false, *local*)
2023-10-10 12:42:18,038 INFO o.a.j.e.StandardJMeterEngine: Running the test!
2023-10-10 12:42:18,038 INFO o.a.j.s.SampleEvent: List of sample_variables: []
2023-10-10 12:42:18,039 INFO o.a.j.g.u.JMeterMenuBar: setRunning(true, *local*)
2023-10-10 12:42:18,058 INFO o.a.j.e.StandardJMeterEngine: No enabled thread groups found
2023-10-10 12:42:18,058 INFO o.a.j.e.StandardJMeterEngine: Notifying test listeners of end of test
2023-10-10 12:42:18,058 INFO o.a.j.g.u.JMeterMenuBar: setRunning(false, *local*)
2023-10-10 12:42:18,225 INFO o.a.j.e.StandardJMeterEngine: Running the test!
2023-10-10 12:42:18,225 INFO o.a.j.s.SampleEvent: List of sample_variables: []
2023-10-10 12:42:18,225 INFO o.a.j.g.u.JMeterMenuBar: setRunning(true, *local*)
2023-10-10 12:42:18,242 INFO o.a.j.e.StandardJMeterEngine: No enabled thread groups found
2023-10-10 12:42:18,243 INFO o.a.j.e.StandardJMeterEngine: Notifying test listeners of end of test
2023-10-10 12:42:18,243 INFO o.a.j.g.u.JMeterMenuBar: setRunning(false, *local*)
2023-10-10 12:42:29,856 INFO o.a.j.g.a.t.TemplateManager: Reading templates from: /opt/homebrew/Cellar/jmeter/5.6.2/libexec/bin/templates/templates.xml
2023-10-10 12:46:27,005 INFO o.a.j.p.h.s.HTTPSamplerBase: Parser for text/html is org.apache.jmeter.protocol.http.parser.LagartoBasedHtmlParser
2023-10-10 12:46:27,005 INFO o.a.j.p.h.s.HTTPSamplerBase: Parser for application/xhtml+xml is org.apache.jmeter.protocol.http.parser.LagartoBasedHtmlParser
2023-10-10 12:46:27,006 INFO o.a.j.p.h.s.HTTPSamplerBase: Parser for application/xml is org.apache.jmeter.protocol.http.parser.LagartoBasedHtmlParser
2023-10-10 12:46:27,006 INFO o.a.j.p.h.s.HTTPSamplerBase: Parser for text/xml is org.apache.jmeter.protocol.http.parser.LagartoBasedHtmlParser
2023-10-10 12:46:27,006 INFO o.a.j.p.h.s.HTTPSamplerBase: Parser for text/vnd.wap.wml is org.apache.jmeter.protocol.http.parser.RegexpHTMLParser
2023-10-10 12:46:27,006 INFO o.a.j.p.h.s.HTTPSamplerBase: Parser for text/css is org.apache.jmeter.protocol.http.parser.CssParser
2023-10-10 12:50:12,267 INFO o.a.j.e.StandardJMeterEngine: Running the test!
2023-10-10 12:50:12,268 INFO o.a.j.s.SampleEvent: List of sample_variables: []
2023-10-10 12:50:12,270 INFO o.a.j.g.u.JMeterMenuBar: setRunning(true, *local*)
2023-10-10 12:50:12,319 INFO o.a.j.e.StandardJMeterEngine: Starting ThreadGroup: 1 : Thread Group
2023-10-10 12:50:12,319 INFO o.a.j.e.StandardJMeterEngine: Starting 1 threads for group Thread Group.
2023-10-10 12:50:12,319 INFO o.a.j.e.StandardJMeterEngine: Thread will continue on error
2023-10-10 12:50:12,319 INFO o.a.j.t.ThreadGroup: Starting thread group... number=1 threads=1 ramp-up=1 delayedStart=false
2023-10-10 12:50:12,322 INFO o.a.j.t.ThreadGroup: Started thread group number 1
2023-10-10 12:50:12,322 INFO o.a.j.e.StandardJMeterEngine: All thread groups have been started
2023-10-10 12:50:12,322 INFO o.a.j.t.JMeterThread: Thread started: Thread Group 1-1
2023-10-10 12:50:12,331 INFO o.a.j.p.h.s.HTTPHCAbstractImpl: Local host = Abduls-MacBook-Pro.local
2023-10-10 12:50:12,337 INFO o.a.j.p.h.s.HTTPHC4Impl: HTTP request retry count = 0
2023-10-10 12:50:12,338 INFO o.a.j.s.SampleResult: Note: Sample TimeStamps are START times
2023-10-10 12:50:12,338 INFO o.a.j.s.SampleResult: sampleresult.default.encoding is set to UTF-8
2023-10-10 12:50:12,338 INFO o.a.j.s.SampleResult: sampleresult.useNanoTime=true
2023-10-10 12:50:12,338 INFO o.a.j.s.SampleResult: sampleresult.nanoThreadSleep=5000
2023-10-10 12:50:12,389 INFO o.a.j.t.JMeterThread: Thread is done: Thread Group 1-1
2023-10-10 12:50:12,389 INFO o.a.j.t.JMeterThread: Thread finished: Thread Group 1-1
2023-10-10 12:50:12,390 INFO o.a.j.e.StandardJMeterEngine: Notifying test listeners of end of test
2023-10-10 12:50:12,390 INFO o.a.j.g.u.JMeterMenuBar: setRunning(false, *local*)
2023-10-10 12:50:34,418 INFO o.a.j.e.StandardJMeterEngine: Running the test!
2023-10-10 12:50:34,419 INFO o.a.j.s.SampleEvent: List of sample_variables: []
2023-10-10 12:50:34,420 INFO o.a.j.g.u.JMeterMenuBar: setRunning(true, *local*)
2023-10-10 12:50:34,452 INFO o.a.j.e.StandardJMeterEngine: Starting ThreadGroup: 1 : Thread Group
2023-10-10 12:50:34,452 INFO o.a.j.e.StandardJMeterEngine: Starting 100 threads for group Thread Group.
2023-10-10 12:50:34,452 INFO o.a.j.e.StandardJMeterEngine: Thread will continue on error
2023-10-10 12:50:34,452 INFO o.a.j.t.ThreadGroup: Starting thread group... number=1 threads=100 ramp-up=1 delayedStart=false
2023-10-10 12:50:34,453 INFO o.a.j.t.JMeterThread: Thread started: Thread Group 1-1
2023-10-10 12:50:34,465 INFO o.a.j.t.JMeterThread: Thread started: Thread Group 1-2
2023-10-10 12:50:34,467 INFO o.a.j.t.ThreadGroup: Started thread group number 1
2023-10-10 12:50:34,467 INFO o.a.j.e.StandardJMeterEngine: All thread groups have been started
2023-10-10 12:50:34,474 INFO o.a.j.t.JMeterThread: Thread started: Thread Group 1-3
2023-10-10 12:50:34,484 INFO o.a.j.t.JMeterThread: Thread started: Thread Group 1-4
2023-10-10 12:50:34,494 INFO o.a.j.t.JMeterThread: Thread started: Thread Group 1-5
2023-10-10 12:50:34,505 INFO o.a.j.t.JMeterThread: Thread started: Thread Group 1-6
2023-10-10 12:50:34,516 INFO o.a.j.t.JMeterThread: Thread started: Thread Group 1-7
2023-10-10 12:50:34,524 INFO o.a.j.t.JMeterThread: Thread started: Thread Group 1-8
2023-10-10 12:50:34,537 INFO o.a.j.t.JMeterThread: Thread started: Thread Group 1-9
2023-10-10 12:50:34,547 INFO o.a.j.t.JMeterThread: Thread started: Thread Group 1-10
2023-10-10 12:50:34,554 INFO o.a.j.t.JMeterThread: Thread started: Thread Group 1-11
2023-10-10 12:50:34,566 INFO o.a.j.t.JMeterThread: Thread started: Thread Group 1-12
2023-10-10 12:50:34,577 INFO o.a.j.t.JMeterThread: Thread started: Thread Group 1-13
2023-10-10 12:50:34,584 INFO o.a.j.t.JMeterThread: Thread started: Thread Group 1-14
2023-10-10 12:50:34,597 INFO o.a.j.t.JMeterThread: Thread started: Thread Group 1-15
2023-10-10 12:50:34,605 INFO o.a.j.t.JMeterThread: Thread started: Thread Group 1-16
2023-10-10 12:50:34,616 INFO o.a.j.t.JMeterThread: Thread started: Thread Group 1-17
2023-10-10 12:50:34,627 INFO o.a.j.t.JMeterThread: Thread started: Thread Group 1-18
2023-10-10 12:50:34,633 INFO o.a.j.t.JMeterThread: Thread started: Thread Group 1-19
2023-10-10 12:50:34,643 INFO o.a.j.t.JMeterThread: Thread started: Thread Group 1-20
2023-10-10 12:50:34,657 INFO o.a.j.t.JMeterThread: Thread started: Thread Group 1-21
2023-10-10 12:50:34,663 INFO o.a.j.t.JMeterThread: Thread started: Thread Group 1-22
2023-10-10 12:50:34,674 INFO o.a.j.t.JMeterThread: Thread started: Thread Group 1-23
2023-10-10 12:50:34,683 INFO o.a.j.t.JMeterThread: Thread started: Thread Group 1-24
2023-10-10 12:50:34,694 INFO o.a.j.t.JMeterThread: Thread started: Thread Group 1-25
2023-10-10 12:50:34,708 INFO o.a.j.t.JMeterThread: Thread started: Thread Group 1-26
2023-10-10 12:50:34,716 INFO o.a.j.t.JMeterThread: Thread started: Thread Group 1-27
2023-10-10 12:50:34,724 INFO o.a.j.t.JMeterThread: Thread started: Thread Group 1-28
2023-10-10 12:50:34,738 INFO o.a.j.t.JMeterThread: Thread started: Thread Group 1-29
2023-10-10 12:50:34,743 INFO o.a.j.t.JMeterThread: Thread started: Thread Group 1-30
2023-10-10 12:50:34,753 INFO o.a.j.t.JMeterThread: Thread started: Thread Group 1-31
2023-10-10 12:50:34,767 INFO o.a.j.t.JMeterThread: Thread started: Thread Group 1-32
2023-10-10 12:50:34,777 INFO o.a.j.t.JMeterThread: Thread started: Thread Group 1-33
2023-10-10 12:50:34,788 INFO o.a.j.t.JMeterThread: Thread started: Thread Group 1-34
2023-10-10 12:50:34,797 INFO o.a.j.t.JMeterThread: Thread started: Thread Group 1-35
2023-10-10 12:50:34,807 INFO o.a.j.t.JMeterThread: Thread started: Thread Group 1-36
2023-10-10 12:50:34,815 INFO o.a.j.t.JMeterThread: Thread started: Thread Group 1-37
2023-10-10 12:50:34,828 INFO o.a.j.t.JMeterThread: Thread started: Thread Group 1-38
2023-10-10 12:50:34,835 INFO o.a.j.t.JMeterThread: Thread started: Thread Group 1-39
2023-10-10 12:50:34,845 INFO o.a.j.t.JMeterThread: Thread started: Thread Group 1-40
2023-10-10 12:50:34,854 INFO o.a.j.t.JMeterThread: Thread started: Thread Group 1-41
2023-10-10 12:50:34,866 INFO o.a.j.t.JMeterThread: Thread started: Thread Group 1-42
2023-10-10 12:50:34,868 INFO o.a.j.t.JMeterThread: Thread is done: Thread Group 1-1
2023-10-10 12:50:34,868 INFO o.a.j.t.JMeterThread: Thread finished: Thread Group 1-1
2023-10-10 12:50:34,878 INFO o.a.j.t.JMeterThread: Thread started: Thread Group 1-43
2023-10-10 12:50:34,887 INFO o.a.j.t.JMeterThread: Thread started: Thread Group 1-44
2023-10-10 12:50:34,892 INFO o.a.j.t.JMeterThread: Thread started: Thread Group 1-45
2023-10-10 12:50:34,902 INFO o.a.j.t.JMeterThread: Thread is done: Thread Group 1-2
2023-10-10 12:50:34,902 INFO o.a.j.t.JMeterThread: Thread finished: Thread Group 1-2
2023-10-10 12:50:34,904 INFO o.a.j.t.JMeterThread: Thread started: Thread Group 1-46
2023-10-10 12:50:34,913 INFO o.a.j.t.JMeterThread: Thread started: Thread Group 1-47
2023-10-10 12:50:34,920 INFO o.a.j.t.JMeterThread: Thread is done: Thread Group 1-3
2023-10-10 12:50:34,920 INFO o.a.j.t.JMeterThread: Thread finished: Thread Group 1-3
2023-10-10 12:50:34,923 INFO o.a.j.t.JMeterThread: Thread started: Thread Group 1-48
2023-10-10 12:50:34,937 INFO o.a.j.t.JMeterThread: Thread started: Thread Group 1-49
2023-10-10 12:50:34,941 INFO o.a.j.t.JMeterThread: Thread is done: Thread Group 1-4
2023-10-10 12:50:34,941 INFO o.a.j.t.JMeterThread: Thread finished: Thread Group 1-4
2023-10-10 12:50:34,947 INFO o.a.j.t.JMeterThread: Thread started: Thread Group 1-50
2023-10-10 12:50:34,958 INFO o.a.j.t.JMeterThread: Thread started: Thread Group 1-51
2023-10-10 12:50:34,963 INFO o.a.j.t.JMeterThread: Thread started: Thread Group 1-52
2023-10-10 12:50:34,972 INFO o.a.j.t.JMeterThread: Thread is done: Thread Group 1-5
2023-10-10 12:50:34,972 INFO o.a.j.t.JMeterThread: Thread finished: Thread Group 1-5
2023-10-10 12:50:34,977 INFO o.a.j.t.JMeterThread: Thread started: Thread Group 1-53
2023-10-10 12:50:34,984 INFO o.a.j.t.JMeterThread: Thread started: Thread Group 1-54
2023-10-10 12:50:34,993 INFO o.a.j.t.JMeterThread: Thread started: Thread Group 1-55
2023-10-10 12:50:35,006 INFO o.a.j.t.JMeterThread: Thread started: Thread Group 1-56
2023-10-10 12:50:35,015 INFO o.a.j.t.JMeterThread: Thread started: Thread Group 1-57
2023-10-10 12:50:35,027 INFO o.a.j.t.JMeterThread: Thread started: Thread Group 1-58
2023-10-10 12:50:35,038 INFO o.a.j.t.JMeterThread: Thread started: Thread Group 1-59
2023-10-10 12:50:35,045 INFO o.a.j.t.JMeterThread: Thread started: Thread Group 1-60
2023-10-10 12:50:35,054 INFO o.a.j.t.JMeterThread: Thread started: Thread Group 1-61
2023-10-10 12:50:35,065 INFO o.a.j.t.JMeterThread: Thread started: Thread Group 1-62
2023-10-10 12:50:35,074 INFO o.a.j.t.JMeterThread: Thread started: Thread Group 1-63
2023-10-10 12:50:35,085 INFO o.a.j.t.JMeterThread: Thread started: Thread Group 1-64
2023-10-10 12:50:35,092 INFO o.a.j.t.JMeterThread: Thread started: Thread Group 1-65
2023-10-10 12:50:35,107 INFO o.a.j.t.JMeterThread: Thread started: Thread Group 1-66
2023-10-10 12:50:35,114 INFO o.a.j.t.JMeterThread: Thread started: Thread Group 1-67
2023-10-10 12:50:35,125 INFO o.a.j.t.JMeterThread: Thread started: Thread Group 1-68
2023-10-10 12:50:35,138 INFO o.a.j.t.JMeterThread: Thread started: Thread Group 1-69
2023-10-10 12:50:35,148 INFO o.a.j.t.JMeterThread: Thread started: Thread Group 1-70
2023-10-10 12:50:35,152 INFO o.a.j.t.JMeterThread: Thread started: Thread Group 1-71
2023-10-10 12:50:35,164 INFO o.a.j.t.JMeterThread: Thread started: Thread Group 1-72
2023-10-10 12:50:35,172 INFO o.a.j.t.JMeterThread: Thread started: Thread Group 1-73
2023-10-10 12:50:35,185 INFO o.a.j.t.JMeterThread: Thread started: Thread Group 1-74
2023-10-10 12:50:35,194 INFO o.a.j.t.JMeterThread: Thread started: Thread Group 1-75
2023-10-10 12:50:35,204 INFO o.a.j.t.JMeterThread: Thread started: Thread Group 1-76
2023-10-10 12:50:35,217 INFO o.a.j.t.JMeterThread: Thread started: Thread Group 1-77
2023-10-10 12:50:35,223 INFO o.a.j.t.JMeterThread: Thread started: Thread Group 1-78
2023-10-10 12:50:35,235 INFO o.a.j.t.JMeterThread: Thread started: Thread Group 1-79
2023-10-10 12:50:35,245 INFO o.a.j.t.JMeterThread: Thread started: Thread Group 1-80
2023-10-10 12:50:35,253 INFO o.a.j.t.JMeterThread: Thread started: Thread Group 1-81
2023-10-10 12:50:35,262 INFO o.a.j.t.JMeterThread: Thread is done: Thread Group 1-6
2023-10-10 12:50:35,262 INFO o.a.j.t.JMeterThread: Thread finished: Thread Group 1-6
2023-10-10 12:50:35,264 INFO o.a.j.t.JMeterThread: Thread started: Thread Group 1-82
2023-10-10 12:50:35,274 INFO o.a.j.t.JMeterThread: Thread started: Thread Group 1-83
2023-10-10 12:50:35,283 INFO o.a.j.t.JMeterThread: Thread started: Thread Group 1-84
2023-10-10 12:50:35,285 INFO o.a.j.t.JMeterThread: Thread is done: Thread Group 1-7
2023-10-10 12:50:35,285 INFO o.a.j.t.JMeterThread: Thread finished: Thread Group 1-7
2023-10-10 12:50:35,292 INFO o.a.j.t.JMeterThread: Thread is done: Thread Group 1-8
2023-10-10 12:50:35,292 INFO o.a.j.t.JMeterThread: Thread finished: Thread Group 1-8
2023-10-10 12:50:35,296 INFO o.a.j.t.JMeterThread: Thread started: Thread Group 1-85
2023-10-10 12:50:35,304 INFO o.a.j.t.JMeterThread: Thread started: Thread Group 1-86
2023-10-10 12:50:35,313 INFO o.a.j.t.JMeterThread: Thread started: Thread Group 1-87
2023-10-10 12:50:35,315 INFO o.a.j.t.JMeterThread: Thread is done: Thread Group 1-9
2023-10-10 12:50:35,315 INFO o.a.j.t.JMeterThread: Thread finished: Thread Group 1-9
2023-10-10 12:50:35,327 INFO o.a.j.t.JMeterThread: Thread started: Thread Group 1-88
2023-10-10 12:50:35,335 INFO o.a.j.t.JMeterThread: Thread started: Thread Group 1-89
2023-10-10 12:50:35,348 INFO o.a.j.t.JMeterThread: Thread started: Thread Group 1-90
2023-10-10 12:50:35,356 INFO o.a.j.t.JMeterThread: Thread is done: Thread Group 1-10
2023-10-10 12:50:35,357 INFO o.a.j.t.JMeterThread: Thread finished: Thread Group 1-10
2023-10-10 12:50:35,357 INFO o.a.j.t.JMeterThread: Thread started: Thread Group 1-91
2023-10-10 12:50:35,367 INFO o.a.j.t.JMeterThread: Thread started: Thread Group 1-92
2023-10-10 12:50:35,377 INFO o.a.j.t.JMeterThread: Thread started: Thread Group 1-93
2023-10-10 12:50:35,384 INFO o.a.j.t.JMeterThread: Thread started: Thread Group 1-94
2023-10-10 12:50:35,393 INFO o.a.j.t.JMeterThread: Thread started: Thread Group 1-95
2023-10-10 12:50:35,408 INFO o.a.j.t.JMeterThread: Thread started: Thread Group 1-96
2023-10-10 12:50:35,412 INFO o.a.j.t.JMeterThread: Thread started: Thread Group 1-97
2023-10-10 12:50:35,425 INFO o.a.j.t.JMeterThread: Thread started: Thread Group 1-98
2023-10-10 12:50:35,434 INFO o.a.j.t.JMeterThread: Thread started: Thread Group 1-99
2023-10-10 12:50:35,445 INFO o.a.j.t.JMeterThread: Thread started: Thread Group 1-100
2023-10-10 12:50:35,614 INFO o.a.j.t.JMeterThread: Thread is done: Thread Group 1-11
2023-10-10 12:50:35,614 INFO o.a.j.t.JMeterThread: Thread finished: Thread Group 1-11
2023-10-10 12:50:35,622 INFO o.a.j.t.JMeterThread: Thread is done: Thread Group 1-12
2023-10-10 12:50:35,622 INFO o.a.j.t.JMeterThread: Thread finished: Thread Group 1-12
2023-10-10 12:50:35,643 INFO o.a.j.t.JMeterThread: Thread is done: Thread Group 1-13
2023-10-10 12:50:35,646 INFO o.a.j.t.JMeterThread: Thread finished: Thread Group 1-13
2023-10-10 12:50:35,662 INFO o.a.j.t.JMeterThread: Thread is done: Thread Group 1-14
2023-10-10 12:50:35,662 INFO o.a.j.t.JMeterThread: Thread finished: Thread Group 1-14
2023-10-10 12:50:35,703 INFO o.a.j.t.JMeterThread: Thread is done: Thread Group 1-15
2023-10-10 12:50:35,703 INFO o.a.j.t.JMeterThread: Thread finished: Thread Group 1-15
2023-10-10 12:50:35,962 INFO o.a.j.t.JMeterThread: Thread is done: Thread Group 1-16
2023-10-10 12:50:35,962 INFO o.a.j.t.JMeterThread: Thread finished: Thread Group 1-16
2023-10-10 12:50:35,970 INFO o.a.j.t.JMeterThread: Thread is done: Thread Group 1-17
2023-10-10 12:50:35,970 INFO o.a.j.t.JMeterThread: Thread finished: Thread Group 1-17
2023-10-10 12:50:35,991 INFO o.a.j.t.JMeterThread: Thread is done: Thread Group 1-18
2023-10-10 12:50:35,991 INFO o.a.j.t.JMeterThread: Thread finished: Thread Group 1-18
2023-10-10 12:50:36,014 INFO o.a.j.t.JMeterThread: Thread is done: Thread Group 1-19
2023-10-10 12:50:36,014 INFO o.a.j.t.JMeterThread: Thread finished: Thread Group 1-19
2023-10-10 12:50:36,057 INFO o.a.j.t.JMeterThread: Thread is done: Thread Group 1-20
2023-10-10 12:50:36,057 INFO o.a.j.t.JMeterThread: Thread finished: Thread Group 1-20
2023-10-10 12:50:36,306 INFO o.a.j.t.JMeterThread: Thread is done: Thread Group 1-21
2023-10-10 12:50:36,306 INFO o.a.j.t.JMeterThread: Thread finished: Thread Group 1-21
2023-10-10 12:50:36,314 INFO o.a.j.t.JMeterThread: Thread is done: Thread Group 1-22
2023-10-10 12:50:36,315 INFO o.a.j.t.JMeterThread: Thread finished: Thread Group 1-22
2023-10-10 12:50:36,334 INFO o.a.j.t.JMeterThread: Thread is done: Thread Group 1-23
2023-10-10 12:50:36,334 INFO o.a.j.t.JMeterThread: Thread finished: Thread Group 1-23
2023-10-10 12:50:36,355 INFO o.a.j.t.JMeterThread: Thread is done: Thread Group 1-24
2023-10-10 12:50:36,355 INFO o.a.j.t.JMeterThread: Thread finished: Thread Group 1-24
2023-10-10 12:50:36,396 INFO o.a.j.t.JMeterThread: Thread is done: Thread Group 1-25
2023-10-10 12:50:36,396 INFO o.a.j.t.JMeterThread: Thread finished: Thread Group 1-25
2023-10-10 12:50:36,646 INFO o.a.j.t.JMeterThread: Thread is done: Thread Group 1-26
2023-10-10 12:50:36,646 INFO o.a.j.t.JMeterThread: Thread finished: Thread Group 1-26
2023-10-10 12:50:36,653 INFO o.a.j.t.JMeterThread: Thread is done: Thread Group 1-27
2023-10-10 12:50:36,653 INFO o.a.j.t.JMeterThread: Thread finished: Thread Group 1-27
2023-10-10 12:50:36,673 INFO o.a.j.t.JMeterThread: Thread is done: Thread Group 1-28
2023-10-10 12:50:36,673 INFO o.a.j.t.JMeterThread: Thread finished: Thread Group 1-28
2023-10-10 12:50:36,694 INFO o.a.j.t.JMeterThread: Thread is done: Thread Group 1-29
2023-10-10 12:50:36,694 INFO o.a.j.t.JMeterThread: Thread finished: Thread Group 1-29
2023-10-10 12:50:36,734 INFO o.a.j.t.JMeterThread: Thread is done: Thread Group 1-30
2023-10-10 12:50:36,734 INFO o.a.j.t.JMeterThread: Thread finished: Thread Group 1-30
2023-10-10 12:50:36,987 INFO o.a.j.t.JMeterThread: Thread is done: Thread Group 1-31
2023-10-10 12:50:36,987 INFO o.a.j.t.JMeterThread: Thread finished: Thread Group 1-31
2023-10-10 12:50:36,993 INFO o.a.j.t.JMeterThread: Thread is done: Thread Group 1-32
2023-10-10 12:50:36,993 INFO o.a.j.t.JMeterThread: Thread finished: Thread Group 1-32
2023-10-10 12:50:37,015 INFO o.a.j.t.JMeterThread: Thread is done: Thread Group 1-33
2023-10-10 12:50:37,016 INFO o.a.j.t.JMeterThread: Thread finished: Thread Group 1-33
2023-10-10 12:50:37,037 INFO o.a.j.t.JMeterThread: Thread is done: Thread Group 1-34
2023-10-10 12:50:37,037 INFO o.a.j.t.JMeterThread: Thread finished: Thread Group 1-34
2023-10-10 12:50:37,081 INFO o.a.j.t.JMeterThread: Thread is done: Thread Group 1-35
2023-10-10 12:50:37,081 INFO o.a.j.t.JMeterThread: Thread finished: Thread Group 1-35
2023-10-10 12:50:37,347 INFO o.a.j.t.JMeterThread: Thread is done: Thread Group 1-36
2023-10-10 12:50:37,347 INFO o.a.j.t.JMeterThread: Thread finished: Thread Group 1-36
2023-10-10 12:50:37,353 INFO o.a.j.t.JMeterThread: Thread is done: Thread Group 1-37
2023-10-10 12:50:37,354 INFO o.a.j.t.JMeterThread: Thread finished: Thread Group 1-37
2023-10-10 12:50:37,379 INFO o.a.j.t.JMeterThread: Thread is done: Thread Group 1-38
2023-10-10 12:50:37,379 INFO o.a.j.t.JMeterThread: Thread finished: Thread Group 1-38
2023-10-10 12:50:37,398 INFO o.a.j.t.JMeterThread: Thread is done: Thread Group 1-39
2023-10-10 12:50:37,398 INFO o.a.j.t.JMeterThread: Thread finished: Thread Group 1-39
2023-10-10 12:50:37,440 INFO o.a.j.t.JMeterThread: Thread is done: Thread Group 1-40
2023-10-10 12:50:37,440 INFO o.a.j.t.JMeterThread: Thread finished: Thread Group 1-40
2023-10-10 12:50:37,703 INFO o.a.j.t.JMeterThread: Thread is done: Thread Group 1-41
2023-10-10 12:50:37,703 INFO o.a.j.t.JMeterThread: Thread finished: Thread Group 1-41
2023-10-10 12:50:37,710 INFO o.a.j.t.JMeterThread: Thread is done: Thread Group 1-42
2023-10-10 12:50:37,711 INFO o.a.j.t.JMeterThread: Thread finished: Thread Group 1-42
2023-10-10 12:50:37,733 INFO o.a.j.t.JMeterThread: Thread is done: Thread Group 1-43
2023-10-10 12:50:37,733 INFO o.a.j.t.JMeterThread: Thread finished: Thread Group 1-43
2023-10-10 12:50:37,753 INFO o.a.j.t.JMeterThread: Thread is done: Thread Group 1-44
2023-10-10 12:50:37,753 INFO o.a.j.t.JMeterThread: Thread finished: Thread Group 1-44
2023-10-10 12:50:37,808 INFO o.a.j.t.JMeterThread: Thread is done: Thread Group 1-45
2023-10-10 12:50:37,808 INFO o.a.j.t.JMeterThread: Thread finished: Thread Group 1-45
2023-10-10 12:50:38,051 INFO o.a.j.t.JMeterThread: Thread is done: Thread Group 1-46
2023-10-10 12:50:38,051 INFO o.a.j.t.JMeterThread: Thread finished: Thread Group 1-46
2023-10-10 12:50:38,067 INFO o.a.j.t.JMeterThread: Thread is done: Thread Group 1-47
2023-10-10 12:50:38,067 INFO o.a.j.t.JMeterThread: Thread finished: Thread Group 1-47
2023-10-10 12:50:38,095 INFO o.a.j.t.JMeterThread: Thread is done: Thread Group 1-48
2023-10-10 12:50:38,095 INFO o.a.j.t.JMeterThread: Thread finished: Thread Group 1-48
2023-10-10 12:50:38,109 INFO o.a.j.t.JMeterThread: Thread is done: Thread Group 1-49
2023-10-10 12:50:38,109 INFO o.a.j.t.JMeterThread: Thread finished: Thread Group 1-49
2023-10-10 12:50:38,153 INFO o.a.j.t.JMeterThread: Thread is done: Thread Group 1-50
2023-10-10 12:50:38,153 INFO o.a.j.t.JMeterThread: Thread finished: Thread Group 1-50
2023-10-10 12:50:38,404 INFO o.a.j.t.JMeterThread: Thread is done: Thread Group 1-51
2023-10-10 12:50:38,404 INFO o.a.j.t.JMeterThread: Thread finished: Thread Group 1-51
2023-10-10 12:50:38,419 INFO o.a.j.t.JMeterThread: Thread is done: Thread Group 1-52
2023-10-10 12:50:38,419 INFO o.a.j.t.JMeterThread: Thread finished: Thread Group 1-52
2023-10-10 12:50:38,447 INFO o.a.j.t.JMeterThread: Thread is done: Thread Group 1-53
2023-10-10 12:50:38,447 INFO o.a.j.t.JMeterThread: Thread finished: Thread Group 1-53
2023-10-10 12:50:38,462 INFO o.a.j.t.JMeterThread: Thread is done: Thread Group 1-54
2023-10-10 12:50:38,462 INFO o.a.j.t.JMeterThread: Thread finished: Thread Group 1-54
2023-10-10 12:50:38,505 INFO o.a.j.t.JMeterThread: Thread is done: Thread Group 1-55
2023-10-10 12:50:38,505 INFO o.a.j.t.JMeterThread: Thread finished: Thread Group 1-55
2023-10-10 12:50:38,754 INFO o.a.j.t.JMeterThread: Thread is done: Thread Group 1-56
2023-10-10 12:50:38,754 INFO o.a.j.t.JMeterThread: Thread finished: Thread Group 1-56
2023-10-10 12:50:38,768 INFO o.a.j.t.JMeterThread: Thread is done: Thread Group 1-57
2023-10-10 12:50:38,768 INFO o.a.j.t.JMeterThread: Thread finished: Thread Group 1-57
2023-10-10 12:50:38,797 INFO o.a.j.t.JMeterThread: Thread is done: Thread Group 1-58
2023-10-10 12:50:38,797 INFO o.a.j.t.JMeterThread: Thread finished: Thread Group 1-58
2023-10-10 12:50:38,812 INFO o.a.j.t.JMeterThread: Thread is done: Thread Group 1-59
2023-10-10 12:50:38,812 INFO o.a.j.t.JMeterThread: Thread finished: Thread Group 1-59
2023-10-10 12:50:38,853 INFO o.a.j.t.JMeterThread: Thread is done: Thread Group 1-60
2023-10-10 12:50:38,853 INFO o.a.j.t.JMeterThread: Thread finished: Thread Group 1-60
2023-10-10 12:50:39,096 INFO o.a.j.t.JMeterThread: Thread is done: Thread Group 1-61
2023-10-10 12:50:39,096 INFO o.a.j.t.JMeterThread: Thread finished: Thread Group 1-61
2023-10-10 12:50:39,110 INFO o.a.j.t.JMeterThread: Thread is done: Thread Group 1-62
2023-10-10 12:50:39,110 INFO o.a.j.t.JMeterThread: Thread finished: Thread Group 1-62
2023-10-10 12:50:39,139 INFO o.a.j.t.JMeterThread: Thread is done: Thread Group 1-63
2023-10-10 12:50:39,139 INFO o.a.j.t.JMeterThread: Thread finished: Thread Group 1-63
2023-10-10 12:50:39,153 INFO o.a.j.t.JMeterThread: Thread is done: Thread Group 1-64
2023-10-10 12:50:39,153 INFO o.a.j.t.JMeterThread: Thread finished: Thread Group 1-64
2023-10-10 12:50:39,195 INFO o.a.j.t.JMeterThread: Thread is done: Thread Group 1-65
2023-10-10 12:50:39,195 INFO o.a.j.t.JMeterThread: Thread finished: Thread Group 1-65
2023-10-10 12:50:39,439 INFO o.a.j.t.JMeterThread: Thread is done: Thread Group 1-66
2023-10-10 12:50:39,439 INFO o.a.j.t.JMeterThread: Thread finished: Thread Group 1-66
2023-10-10 12:50:39,452 INFO o.a.j.t.JMeterThread: Thread is done: Thread Group 1-67
2023-10-10 12:50:39,452 INFO o.a.j.t.JMeterThread: Thread finished: Thread Group 1-67
2023-10-10 12:50:39,480 INFO o.a.j.t.JMeterThread: Thread is done: Thread Group 1-68
2023-10-10 12:50:39,480 INFO o.a.j.t.JMeterThread: Thread finished: Thread Group 1-68
2023-10-10 12:50:39,494 INFO o.a.j.t.JMeterThread: Thread is done: Thread Group 1-69
2023-10-10 12:50:39,494 INFO o.a.j.t.JMeterThread: Thread finished: Thread Group 1-69
2023-10-10 12:50:39,535 INFO o.a.j.t.JMeterThread: Thread is done: Thread Group 1-70
2023-10-10 12:50:39,535 INFO o.a.j.t.JMeterThread: Thread finished: Thread Group 1-70
2023-10-10 12:50:39,788 INFO o.a.j.t.JMeterThread: Thread is done: Thread Group 1-71
2023-10-10 12:50:39,788 INFO o.a.j.t.JMeterThread: Thread finished: Thread Group 1-71
2023-10-10 12:50:39,801 INFO o.a.j.t.JMeterThread: Thread is done: Thread Group 1-72
2023-10-10 12:50:39,801 INFO o.a.j.t.JMeterThread: Thread finished: Thread Group 1-72
2023-10-10 12:50:39,829 INFO o.a.j.t.JMeterThread: Thread is done: Thread Group 1-73
2023-10-10 12:50:39,829 INFO o.a.j.t.JMeterThread: Thread finished: Thread Group 1-73
2023-10-10 12:50:39,844 INFO o.a.j.t.JMeterThread: Thread is done: Thread Group 1-74
2023-10-10 12:50:39,844 INFO o.a.j.t.JMeterThread: Thread finished: Thread Group 1-74
2023-10-10 12:50:39,883 INFO o.a.j.t.JMeterThread: Thread is done: Thread Group 1-75
2023-10-10 12:50:39,884 INFO o.a.j.t.JMeterThread: Thread finished: Thread Group 1-75
2023-10-10 12:50:40,139 INFO o.a.j.t.JMeterThread: Thread is done: Thread Group 1-76
2023-10-10 12:50:40,139 INFO o.a.j.t.JMeterThread: Thread finished: Thread Group 1-76
2023-10-10 12:50:40,153 INFO o.a.j.t.JMeterThread: Thread is done: Thread Group 1-77
2023-10-10 12:50:40,153 INFO o.a.j.t.JMeterThread: Thread finished: Thread Group 1-77
2023-10-10 12:50:40,181 INFO o.a.j.t.JMeterThread: Thread is done: Thread Group 1-78
2023-10-10 12:50:40,181 INFO o.a.j.t.JMeterThread: Thread finished: Thread Group 1-78
2023-10-10 12:50:40,200 INFO o.a.j.t.JMeterThread: Thread is done: Thread Group 1-79
2023-10-10 12:50:40,200 INFO o.a.j.t.JMeterThread: Thread finished: Thread Group 1-79
2023-10-10 12:50:40,228 INFO o.a.j.t.JMeterThread: Thread is done: Thread Group 1-80
2023-10-10 12:50:40,228 INFO o.a.j.t.JMeterThread: Thread finished: Thread Group 1-80
2023-10-10 12:50:40,478 INFO o.a.j.t.JMeterThread: Thread is done: Thread Group 1-81
2023-10-10 12:50:40,478 INFO o.a.j.t.JMeterThread: Thread finished: Thread Group 1-81
2023-10-10 12:50:40,491 INFO o.a.j.t.JMeterThread: Thread is done: Thread Group 1-82
2023-10-10 12:50:40,491 INFO o.a.j.t.JMeterThread: Thread finished: Thread Group 1-82
2023-10-10 12:50:40,519 INFO o.a.j.t.JMeterThread: Thread is done: Thread Group 1-83
2023-10-10 12:50:40,519 INFO o.a.j.t.JMeterThread: Thread finished: Thread Group 1-83
2023-10-10 12:50:40,540 INFO o.a.j.t.JMeterThread: Thread is done: Thread Group 1-84
2023-10-10 12:50:40,540 INFO o.a.j.t.JMeterThread: Thread finished: Thread Group 1-84
2023-10-10 12:50:40,570 INFO o.a.j.t.JMeterThread: Thread is done: Thread Group 1-85
2023-10-10 12:50:40,570 INFO o.a.j.t.JMeterThread: Thread finished: Thread Group 1-85
2023-10-10 12:50:40,829 INFO o.a.j.t.JMeterThread: Thread is done: Thread Group 1-86
2023-10-10 12:50:40,829 INFO o.a.j.t.JMeterThread: Thread finished: Thread Group 1-86
2023-10-10 12:50:40,842 INFO o.a.j.t.JMeterThread: Thread is done: Thread Group 1-87
2023-10-10 12:50:40,842 INFO o.a.j.t.JMeterThread: Thread finished: Thread Group 1-87
2023-10-10 12:50:40,871 INFO o.a.j.t.JMeterThread: Thread is done: Thread Group 1-88
2023-10-10 12:50:40,872 INFO o.a.j.t.JMeterThread: Thread finished: Thread Group 1-88
2023-10-10 12:50:40,892 INFO o.a.j.t.JMeterThread: Thread is done: Thread Group 1-89
2023-10-10 12:50:40,892 INFO o.a.j.t.JMeterThread: Thread finished: Thread Group 1-89
2023-10-10 12:50:40,918 INFO o.a.j.t.JMeterThread: Thread is done: Thread Group 1-90
2023-10-10 12:50:40,918 INFO o.a.j.t.JMeterThread: Thread finished: Thread Group 1-90
2023-10-10 12:50:41,173 INFO o.a.j.t.JMeterThread: Thread is done: Thread Group 1-91
2023-10-10 12:50:41,173 INFO o.a.j.t.JMeterThread: Thread finished: Thread Group 1-91
2023-10-10 12:50:41,187 INFO o.a.j.t.JMeterThread: Thread is done: Thread Group 1-92
2023-10-10 12:50:41,187 INFO o.a.j.t.JMeterThread: Thread finished: Thread Group 1-92
2023-10-10 12:50:41,214 INFO o.a.j.t.JMeterThread: Thread is done: Thread Group 1-93
2023-10-10 12:50:41,214 INFO o.a.j.t.JMeterThread: Thread finished: Thread Group 1-93
2023-10-10 12:50:41,235 INFO o.a.j.t.JMeterThread: Thread is done: Thread Group 1-94
2023-10-10 12:50:41,235 INFO o.a.j.t.JMeterThread: Thread finished: Thread Group 1-94
2023-10-10 12:50:41,262 INFO o.a.j.t.JMeterThread: Thread is done: Thread Group 1-95
2023-10-10 12:50:41,263 INFO o.a.j.t.JMeterThread: Thread finished: Thread Group 1-95
2023-10-10 12:50:41,512 INFO o.a.j.t.JMeterThread: Thread is done: Thread Group 1-96
2023-10-10 12:50:41,513 INFO o.a.j.t.JMeterThread: Thread finished: Thread Group 1-96
2023-10-10 12:50:41,526 INFO o.a.j.t.JMeterThread: Thread is done: Thread Group 1-97
2023-10-10 12:50:41,526 INFO o.a.j.t.JMeterThread: Thread finished: Thread Group 1-97
2023-10-10 12:50:41,546 INFO o.a.j.t.JMeterThread: Thread is done: Thread Group 1-98
2023-10-10 12:50:41,546 INFO o.a.j.t.JMeterThread: Thread finished: Thread Group 1-98
2023-10-10 12:50:41,556 INFO o.a.j.t.JMeterThread: Thread is done: Thread Group 1-99
2023-10-10 12:50:41,556 INFO o.a.j.t.JMeterThread: Thread finished: Thread Group 1-99
2023-10-10 12:50:41,561 INFO o.a.j.t.JMeterThread: Thread is done: Thread Group 1-100
2023-10-10 12:50:41,561 INFO o.a.j.t.JMeterThread: Thread finished: Thread Group 1-100
2023-10-10 12:50:41,561 INFO o.a.j.e.StandardJMeterEngine: Notifying test listeners of end of test
2023-10-10 12:50:41,561 INFO o.a.j.g.u.JMeterMenuBar: setRunning(false, *local*)
